0 info it worked if it ends with ok
1 verbose cli [ '/Users/abdulmm1/.nvm/versions/node/v6.11.0/bin/node',
1 verbose cli   '/Users/abdulmm1/.nvm/versions/node/v6.11.0/bin/npm',
1 verbose cli   'run',
1 verbose cli   'serve' ]
2 info using npm@3.10.10
3 info using node@v6.11.0
4 verbose run-script [ 'preserve', 'serve', 'postserve' ]
5 info lifecycle test-react-esu@1.0.0~preserve: test-react-esu@1.0.0
6 silly lifecycle test-react-esu@1.0.0~preserve: no script for preserve, continuing
7 info lifecycle test-react-esu@1.0.0~serve: test-react-esu@1.0.0
8 verbose lifecycle test-react-esu@1.0.0~serve: unsafe-perm in lifecycle true
9 verbose lifecycle test-react-esu@1.0.0~serve: PATH: /Users/abdulmm1/.nvm/versions/node/v6.11.0/lib/node_modules/npm/bin/node-gyp-bin:/Users/abdulmm1/Desktop/.code/sandbox/test-react-esu/node_modules/.bin:/Users/abdulmm1/.nvm/versions/node/v6.11.0/bin:/usr/bin:/bin:/usr/sbin:/sbin:/usr/local/bin:/Users/abdulmm1/.bin
10 verbose lifecycle test-react-esu@1.0.0~serve: CWD: /Users/abdulmm1/Desktop/.code/sandbox/test-react-esu
11 silly lifecycle test-react-esu@1.0.0~serve: Args: [ '-c', 'node server/server.js' ]
12 silly lifecycle test-react-esu@1.0.0~serve: Returned: code: 1  signal: null
13 info lifecycle test-react-esu@1.0.0~serve: Failed to exec serve script
14 verbose stack Error: test-react-esu@1.0.0 serve: `node server/server.js`
14 verbose stack Exit status 1
14 verbose stack     at EventEmitter.<anonymous> (/Users/abdulmm1/.nvm/versions/node/v6.11.0/lib/node_modules/npm/lib/utils/lifecycle.js:255:16)
14 verbose stack     at emitTwo (events.js:106:13)
14 verbose stack     at EventEmitter.emit (events.js:191:7)
14 verbose stack     at ChildProcess.<anonymous> (/Users/abdulmm1/.nvm/versions/node/v6.11.0/lib/node_modules/npm/lib/utils/spawn.js:40:14)
14 verbose stack     at emitTwo (events.js:106:13)
14 verbose stack     at ChildProcess.emit (events.js:191:7)
14 verbose stack     at maybeClose (internal/child_process.js:891:16)
14 verbose stack     at Process.ChildProcess._handle.onexit (internal/child_process.js:226:5)
15 verbose pkgid test-react-esu@1.0.0
16 verbose cwd /Users/abdulmm1/Desktop/.code/sandbox/test-react-esu
17 error Darwin 16.7.0
18 error argv "/Users/abdulmm1/.nvm/versions/node/v6.11.0/bin/node" "/Users/abdulmm1/.nvm/versions/node/v6.11.0/bin/npm" "run" "serve"
19 error node v6.11.0
20 error npm  v3.10.10
21 error code ELIFECYCLE
22 error test-react-esu@1.0.0 serve: `node server/server.js`
22 error Exit status 1
23 error Failed at the test-react-esu@1.0.0 serve script 'node server/server.js'.
23 error Make sure you have the latest version of node.js and npm installed.
23 error If you do, this is most likely a problem with the test-react-esu package,
23 error not with npm itself.
23 error Tell the author that this fails on your system:
23 error     node server/server.js
23 error You can get information on how to open an issue for this project with:
23 error     npm bugs test-react-esu
23 error Or if that isn't available, you can get their info via:
23 error     npm owner ls test-react-esu
23 error There is likely additional logging output above.
24 verbose exit [ 1, true ]
